[16:31:38.265] Global cache location 'C:/Users/Usuario/AppData/Local/Microsoft/TypeScript/4.3', safe file path 'c:/users/usuario/appdata/roaming/.emacs.d/.cache/lsp/npm/typescript/node_modules/typescript/lib/typingsafelist.json', types map path c:/users/usuario/appdata/roaming/.emacs.d/.cache/lsp/npm/typescript/node_modules/typescript/lib/typesmap.json
[16:31:38.268] Processing cache location 'C:/Users/Usuario/AppData/Local/Microsoft/TypeScript/4.3'
[16:31:38.269] Trying to find 'C:/Users/Usuario/AppData/Local/Microsoft/TypeScript/4.3/package.json'...
[16:31:38.271] Finished processing cache location 'C:/Users/Usuario/AppData/Local/Microsoft/TypeScript/4.3'
[16:31:38.272] Process id: 9476
[16:31:38.273] NPM location: C:\nodejs\npm (explicit '--npmLocation' not  provided)
[16:31:38.274] validateDefaultNpmLocation: false
[16:31:38.275] Npm config file: C:/Users/Usuario/AppData/Local/Microsoft/TypeScript/4.3/package.json
[16:31:38.276] Npm config file: 'C:/Users/Usuario/AppData/Local/Microsoft/TypeScript/4.3/package.json' is missing, creating new one...
[16:31:38.279] Updating types-registry npm package...
[16:31:38.280] Exec: C:\nodejs\npm install --ignore-scripts types-registry@latest
[16:31:41.448]     Succeeded. stdout:
    + types-registry@0.1.546
    added 1 package from 1 contributor and audited 1 package in 1.579s
found 0 vulnerabilities


[16:31:41.449] Updated types-registry npm package
[16:31:41.496] Got install request {"projectName":"/dev/null/inferredProject1*","fileNames":["c:/Users/Usuario/AppData/Roaming/.emacs.d/.cache/lsp/npm/typescript/node_modules/typescript/lib/lib.es5.d.ts","c:/Users/Usuario/AppData/Roaming/.emacs.d/.cache/lsp/npm/typescript/node_modules/typescript/lib/lib.es2015.d.ts","c:/Users/Usuario/AppData/Roaming/.emacs.d/.cache/lsp/npm/typescript/node_modules/typescript/lib/lib.es2016.d.ts","c:/Users/Usuario/AppData/Roaming/.emacs.d/.cache/lsp/npm/typescript/node_modules/typescript/lib/lib.dom.d.ts","c:/Users/Usuario/AppData/Roaming/.emacs.d/.cache/lsp/npm/typescript/node_modules/typescript/lib/lib.dom.iterable.d.ts","c:/Users/Usuario/AppData/Roaming/.emacs.d/.cache/lsp/npm/typescript/node_modules/typescript/lib/lib.webworker.importscripts.d.ts","c:/Users/Usuario/AppData/Roaming/.emacs.d/.cache/lsp/npm/typescript/node_modules/typescript/lib/lib.scripthost.d.ts","c:/Users/Usuario/AppData/Roaming/.emacs.d/.cache/lsp/npm/typescript/node_modules/typescript/lib/lib.es2015.core.d.ts","c:/Users/Usuario/AppData/Roaming/.emacs.d/.cache/lsp/npm/typescript/node_modules/typescript/lib/lib.es2015.collection.d.ts","c:/Users/Usuario/AppData/Roaming/.emacs.d/.cache/lsp/npm/typescript/node_modules/typescript/lib/lib.es2015.generator.d.ts","c:/Users/Usuario/AppData/Roaming/.emacs.d/.cache/lsp/npm/typescript/node_modules/typescript/lib/lib.es2015.iterable.d.ts","c:/Users/Usuario/AppData/Roaming/.emacs.d/.cache/lsp/npm/typescript/node_modules/typescript/lib/lib.es2015.promise.d.ts","c:/Users/Usuario/AppData/Roaming/.emacs.d/.cache/lsp/npm/typescript/node_modules/typescript/lib/lib.es2015.proxy.d.ts","c:/Users/Usuario/AppData/Roaming/.emacs.d/.cache/lsp/npm/typescript/node_modules/typescript/lib/lib.es2015.reflect.d.ts","c:/Users/Usuario/AppData/Roaming/.emacs.d/.cache/lsp/npm/typescript/node_modules/typescript/lib/lib.es2015.symbol.d.ts","c:/Users/Usuario/AppData/Roaming/.emacs.d/.cache/lsp/npm/typescript/node_modules/typescript/lib/lib.es2015.symbol.wellknown.d.ts","c:/Users/Usuario/AppData/Roaming/.emacs.d/.cache/lsp/npm/typescript/node_modules/typescript/lib/lib.es2016.array.include.d.ts","c:/Users/Usuario/AppData/Roaming/.emacs.d/.cache/lsp/npm/typescript/node_modules/typescript/lib/lib.es2016.full.d.ts","c:/Code/admister/public/views/translates.js"],"compilerOptions":{"module":1,"target":3,"jsx":1,"allowJs":true,"allowSyntheticDefaultImports":true,"allowNonTsExtensions":true,"noEmitForJsFiles":true,"maxNodeModuleJsDepth":2},"typeAcquisition":{"enable":true,"include":[],"exclude":[]},"unresolvedImports":[],"projectRootPath":"c:/Code/admister/public/views","kind":"discover"}
[16:31:41.538] Loaded safelist from types map file 'c:/users/usuario/appdata/roaming/.emacs.d/.cache/lsp/npm/typescript/node_modules/typescript/lib/typesmap.json'
[16:31:41.540] Explicitly included types: []
[16:31:41.543] Inferred typings from unresolved imports: []
[16:31:41.544] Result: {"cachedTypingPaths":[],"newTypingNames":[],"filesToWatch":["c:/Code/admister/public/views/bower_components","c:/Code/admister/public/views/node_modules"]}
[16:31:41.544] Finished typings discovery: {"cachedTypingPaths":[],"newTypingNames":[],"filesToWatch":["c:/Code/admister/public/views/bower_components","c:/Code/admister/public/views/node_modules"]}
[16:31:41.545] DirectoryWatcher:: Added:: WatchInfo: c:/Code/admister/public/views/bower_components
[16:31:41.546] DirectoryWatcher:: Added:: WatchInfo: c:/Code/admister/public/views/bower_components 1 undefined Project: /dev/null/inferredProject1* watcher already invoked: false
[16:31:41.548] Elapsed:: 1.9216000000014901ms DirectoryWatcher:: Added:: WatchInfo: c:/Code/admister/public/views/bower_components 1 undefined Project: /dev/null/inferredProject1* watcher already invoked: false
[16:31:41.549] DirectoryWatcher:: Added:: WatchInfo: c:/Code/admister/public/views/node_modules
[16:31:41.549] DirectoryWatcher:: Added:: WatchInfo: c:/Code/admister/public/views/node_modules 1 undefined Project: /dev/null/inferredProject1* watcher already invoked: false
[16:31:41.549] Elapsed:: 0.22579999989829957ms DirectoryWatcher:: Added:: WatchInfo: c:/Code/admister/public/views/node_modules 1 undefined Project: /dev/null/inferredProject1* watcher already invoked: false
[16:31:41.550] Sending response:
    {"projectName":"/dev/null/inferredProject1*","typeAcquisition":{"enable":true,"include":[],"exclude":[]},"compilerOptions":{"module":1,"target":3,"jsx":1,"allowJs":true,"allowSyntheticDefaultImports":true,"allowNonTsExtensions":true,"noEmitForJsFiles":true,"maxNodeModuleJsDepth":2},"typings":[],"unresolvedImports":[],"kind":"action::set"}
[16:31:41.551] Response has been sent.
[16:31:41.551] No new typings were requested as a result of typings discovery
